<?xml version="1.0" encoding="UTF-8"?>
<!-- Generated by org.testng.reporters.JUnitXMLReporter -->
<testsuite ignored="2" hostname="DELL" failures="0" tests="4" name="Regression Test" time="1.183" errors="0" timestamp="2024-05-06T17:55:49 EEST">
  <testcase classname="tests.TestBase" name="@BeforeSuite startDriver" time="0.125">
    <failure type="java.lang.NoSuchMethodError" message="&amp;apos;void org.openqa.selenium.phantomjs.PhantomJSDriverService.checkExecutable(java.io.File)&amp;apos;">
      <![CDATA[java.lang.NoSuchMethodError: 'void org.openqa.selenium.phantomjs.PhantomJSDriverService.checkExecutable(java.io.File)'
at org.openqa.selenium.phantomjs.PhantomJSDriverService.findPhantomJS(PhantomJSDriverService.java:245)
at org.openqa.selenium.phantomjs.PhantomJSDriverService.createDefaultService(PhantomJSDriverService.java:181)
at org.openqa.selenium.phantomjs.PhantomJSDriver.<init>(PhantomJSDriver.java:110)
at tests.TestBase.startDriver(TestBase.java:92)
... Removed 17 stack frames]]>
    </failure>
  </testcase> <!-- @BeforeSuite startDriver -->
  <testcase classname="tests.TestBase" name="@AfterMethod takeScreenShot" time="0.0">
    <skipped/>
  </testcase> <!-- @AfterMethod takeScreenShot -->
  <testcase classname="tests.TestBase" name="@AfterMethod takeScreenShot" time="0.0">
    <skipped/>
  </testcase> <!-- @AfterMethod takeScreenShot -->
  <testcase classname="tests.TestBase" name="@AfterMethod takeScreenShot" time="0.0">
    <skipped/>
  </testcase> <!-- @AfterMethod takeScreenShot -->
  <testcase classname="tests.userRegisterationTest" name="UserCanRegisterSuccessfully" time="0.0">
    <skipped/>
  </testcase> <!-- UserCanRegisterSuccessfully -->
  <testcase classname="tests.userRegisterationTest" name="RegisterUserCanLogin" time="0.001">
    <skipped/>
  </testcase> <!-- RegisterUserCanLogin -->
  <testcase classname="tests.AddProductToCompareTest" name="userCanCompareProducts" time="0.001">
    <skipped/>
  </testcase> <!-- userCanCompareProducts -->
  <testcase classname="tests.AddProductToCompareTest" name="userCanClearCompareList" time="0.001">
    <skipped/>
  </testcase> <!-- userCanClearCompareList -->
  <testcase classname="tests.TestBase" name="@BeforeSuite startDriver" time="0.0">
    <ignored/>
  </testcase> <!-- @BeforeSuite startDriver -->
  <testcase classname="tests.TestBase" name="@AfterSuite stopDriver" time="0.0">
    <ignored/>
  </testcase> <!-- @AfterSuite stopDriver -->
</testsuite> <!-- Regression Test -->
